<?xml version="1.0" encoding="UTF-8"?>
<testsuite name="com.felipesimoes1.cloud.tema08.CalculatorTest" tests="6" skipped="0" failures="0" errors="0" timestamp="2021-08-18T14:28:58" hostname="felipe-G3-3579" time="0.3">
  <properties/>
  <testcase name="shouldPerformAddition()" classname="com.felipesimoes1.cloud.tema08.CalculatorTest" time="0.23"/>
  <testcase name="shouldGiveExceptionWhenDividerIsZero()" classname="com.felipesimoes1.cloud.tema08.CalculatorTest" time="0.014"/>
  <testcase name="shouldPerformMultiplication()" classname="com.felipesimoes1.cloud.tema08.CalculatorTest" time="0.013"/>
  <testcase name="shouldPerformSubstraction()" classname="com.felipesimoes1.cloud.tema08.CalculatorTest" time="0.013"/>
  <testcase name="shouldPerformExponentialExpression()" classname="com.felipesimoes1.cloud.tema08.CalculatorTest" time="0.012"/>
  <testcase name="shouldPerformDivision()" classname="com.felipesimoes1.cloud.tema08.CalculatorTest" time="0.014"/>
  <system-out><![CDATA[]]></system-out>
  <system-err><![CDATA[]]></system-err>
</testsuite>
